<?xml version="1.0" encoding="UTF-8"?>
<testng-results skipped="0" failed="0" ignored="0" total="1" passed="1">
  <reporter-output>
  </reporter-output>
  <suite name="Buncee App running on Chrome Browser" duration-ms="39260" started-at="2020-02-12T22:58:56Z" finished-at="2020-02-12T22:59:35Z">
    <groups>
    </groups>
    <test name="Home Page" duration-ms="39260" started-at="2020-02-12T22:58:56Z" finished-at="2020-02-12T22:59:35Z">
      <class name="AccountFeature">
        <test-method status="PASS" signature="setUp(boolean, java.lang.String, java.lang.String, java.lang.String, java.lang.String, java.lang.String, java.lang.String)[pri:0, instance:AccountFeature@2df3b89c]" name="setUp" is-config="true" duration-ms="12923" started-at="2020-02-12T22:58:56Z" finished-at="2020-02-12T22:59:09Z">
          <params>
            <param index="0">
              <value>
                <![CDATA[false]]>
              </value>
            </param>
            <param index="1">
              <value>
                <![CDATA[adey]]>
              </value>
            </param>
            <param index="2">
              <value>
                <![CDATA[]]>
              </value>
            </param>
            <param index="3">
              <value>
                <![CDATA[https://app.edu.buncee.com/]]>
              </value>
            </param>
            <param index="4">
              <value>
                <![CDATA[windows]]>
              </value>
            </param>
            <param index="5">
              <value>
                <![CDATA[chrome]]>
              </value>
            </param>
            <param index="6">
              <value>
                <![CDATA[80.0.3987.87]]>
              </value>
            </param>
          </params>
          <reporter-output>
          </reporter-output>
        </test-method> <!-- setUp -->
        <test-method status="PASS" signature="logout()[pri:0, instance:AccountFeature@2df3b89c]" name="logout" duration-ms="25549" started-at="2020-02-12T22:59:09Z" finished-at="2020-02-12T22:59:34Z">
          <reporter-output>
          </reporter-output>
        </test-method> <!-- logout -->
        <test-method status="PASS" signature="cleanUp()[pri:0, instance:AccountFeature@2df3b89c]" name="cleanUp" is-config="true" duration-ms="771" started-at="2020-02-12T22:59:34Z" finished-at="2020-02-12T22:59:35Z">
          <reporter-output>
          </reporter-output>
        </test-method> <!-- cleanUp -->
      </class> <!-- AccountFeature -->
    </test> <!-- Home Page -->
  </suite> <!-- Buncee App running on Chrome Browser -->
</testng-results>
